ARM GAS  C:\msys64\tmp\ccHFQt8Y.s 			page 1


   1              		.cpu cortex-m4
   2              		.arch armv7e-m
   3              		.fpu fpv4-sp-d16
   4              		.eabi_attribute 27, 1
   5              		.eabi_attribute 28, 1
   6              		.eabi_attribute 20, 1
   7              		.eabi_attribute 21, 1
   8              		.eabi_attribute 23, 3
   9              		.eabi_attribute 24, 1
  10              		.eabi_attribute 25, 1
  11              		.eabi_attribute 26, 1
  12              		.eabi_attribute 30, 1
  13              		.eabi_attribute 34, 1
  14              		.eabi_attribute 18, 4
  15              		.file	"gpio.c"
  16              		.text
  17              	.Ltext0:
  18              		.cfi_sections	.debug_frame
  19              		.file 1 "Core/Src/gpio.c"
  20              		.section	.text.MX_GPIO_Init,"ax",%progbits
  21              		.align	1
  22              		.global	MX_GPIO_Init
  23              		.syntax unified
  24              		.thumb
  25              		.thumb_func
  27              	MX_GPIO_Init:
  28              	.LFB384:
   1:Core/Src/gpio.c **** /* USER CODE BEGIN Header */
   2:Core/Src/gpio.c **** /**
   3:Core/Src/gpio.c ****   ******************************************************************************
   4:Core/Src/gpio.c ****   * @file    gpio.c
   5:Core/Src/gpio.c ****   * @brief   This file provides code for the configuration
   6:Core/Src/gpio.c ****   *          of all used GPIO pins.
   7:Core/Src/gpio.c ****   ******************************************************************************
   8:Core/Src/gpio.c ****   * @attention
   9:Core/Src/gpio.c ****   *
  10:Core/Src/gpio.c ****   * Copyright (c) 2026 STMicroelectronics.
  11:Core/Src/gpio.c ****   * All rights reserved.
  12:Core/Src/gpio.c ****   *
  13:Core/Src/gpio.c ****   * This software is licensed under terms that can be found in the LICENSE file
  14:Core/Src/gpio.c ****   * in the root directory of this software component.
  15:Core/Src/gpio.c ****   * If no LICENSE file comes with this software, it is provided AS-IS.
  16:Core/Src/gpio.c ****   *
  17:Core/Src/gpio.c ****   ******************************************************************************
  18:Core/Src/gpio.c ****   */
  19:Core/Src/gpio.c **** /* USER CODE END Header */
  20:Core/Src/gpio.c **** 
  21:Core/Src/gpio.c **** /* Includes ------------------------------------------------------------------*/
  22:Core/Src/gpio.c **** #include "gpio.h"
  23:Core/Src/gpio.c **** 
  24:Core/Src/gpio.c **** /* USER CODE BEGIN 0 */
  25:Core/Src/gpio.c **** 
  26:Core/Src/gpio.c **** /* USER CODE END 0 */
  27:Core/Src/gpio.c **** 
  28:Core/Src/gpio.c **** /*----------------------------------------------------------------------------*/
  29:Core/Src/gpio.c **** /* Configure GPIO                                                             */
  30:Core/Src/gpio.c **** /*----------------------------------------------------------------------------*/
ARM GAS  C:\msys64\tmp\ccHFQt8Y.s 			page 2


  31:Core/Src/gpio.c **** /* USER CODE BEGIN 1 */
  32:Core/Src/gpio.c **** 
  33:Core/Src/gpio.c **** /* USER CODE END 1 */
  34:Core/Src/gpio.c **** 
  35:Core/Src/gpio.c **** /** Configure pins as
  36:Core/Src/gpio.c ****         * Analog
  37:Core/Src/gpio.c ****         * Input
  38:Core/Src/gpio.c ****         * Output
  39:Core/Src/gpio.c ****         * EVENT_OUT
  40:Core/Src/gpio.c ****         * EXTI
  41:Core/Src/gpio.c ****         * Free pins are configured automatically as Analog (this feature is enabled through
  42:Core/Src/gpio.c ****         * the Code Generation settings)
  43:Core/Src/gpio.c **** */
  44:Core/Src/gpio.c **** void MX_GPIO_Init(void)
  45:Core/Src/gpio.c **** {
  29              		.loc 1 45 1 view -0
  30              		.cfi_startproc
  31              		@ args = 0, pretend = 0, frame = 40
  32              		@ frame_needed = 0, uses_anonymous_args = 0
  33 0000 2DE9F041 		push	{r4, r5, r6, r7, r8, lr}
  34              	.LCFI0:
  35              		.cfi_def_cfa_offset 24
  36              		.cfi_offset 4, -24
  37              		.cfi_offset 5, -20
  38              		.cfi_offset 6, -16
  39              		.cfi_offset 7, -12
  40              		.cfi_offset 8, -8
  41              		.cfi_offset 14, -4
  42 0004 8AB0     		sub	sp, sp, #40
  43              	.LCFI1:
  44              		.cfi_def_cfa_offset 64
  46:Core/Src/gpio.c **** 
  47:Core/Src/gpio.c ****   GPIO_InitTypeDef GPIO_InitStruct = {0};
  45              		.loc 1 47 3 view .LVU1
  46              		.loc 1 47 20 is_stmt 0 view .LVU2
  47 0006 0024     		movs	r4, #0
  48 0008 0594     		str	r4, [sp, #20]
  49 000a 0694     		str	r4, [sp, #24]
  50 000c 0794     		str	r4, [sp, #28]
  51 000e 0894     		str	r4, [sp, #32]
  52 0010 0994     		str	r4, [sp, #36]
  48:Core/Src/gpio.c **** 
  49:Core/Src/gpio.c ****   /* GPIO Ports Clock Enable */
  50:Core/Src/gpio.c ****   __HAL_RCC_GPIOC_CLK_ENABLE();
  53              		.loc 1 50 3 is_stmt 1 view .LVU3
  54              	.LBB2:
  55              		.loc 1 50 3 view .LVU4
  56              		.loc 1 50 3 view .LVU5
  57 0012 4C4B     		ldr	r3, .L3
  58 0014 DA6C     		ldr	r2, [r3, #76]
  59 0016 42F00402 		orr	r2, r2, #4
  60 001a DA64     		str	r2, [r3, #76]
  61              		.loc 1 50 3 view .LVU6
  62 001c DA6C     		ldr	r2, [r3, #76]
  63 001e 02F00402 		and	r2, r2, #4
  64 0022 0192     		str	r2, [sp, #4]
  65              		.loc 1 50 3 view .LVU7
ARM GAS  C:\msys64\tmp\ccHFQt8Y.s 			page 3


  66 0024 019A     		ldr	r2, [sp, #4]
  67              	.LBE2:
  68              		.loc 1 50 3 view .LVU8
  51:Core/Src/gpio.c ****   __HAL_RCC_GPIOH_CLK_ENABLE();
  69              		.loc 1 51 3 view .LVU9
  70              	.LBB3:
  71              		.loc 1 51 3 view .LVU10
  72              		.loc 1 51 3 view .LVU11
  73 0026 DA6C     		ldr	r2, [r3, #76]
  74 0028 42F08002 		orr	r2, r2, #128
  75 002c DA64     		str	r2, [r3, #76]
  76              		.loc 1 51 3 view .LVU12
  77 002e DA6C     		ldr	r2, [r3, #76]
  78 0030 02F08002 		and	r2, r2, #128
  79 0034 0292     		str	r2, [sp, #8]
  80              		.loc 1 51 3 view .LVU13
  81 0036 029A     		ldr	r2, [sp, #8]
  82              	.LBE3:
  83              		.loc 1 51 3 view .LVU14
  52:Core/Src/gpio.c ****   __HAL_RCC_GPIOA_CLK_ENABLE();
  84              		.loc 1 52 3 view .LVU15
  85              	.LBB4:
  86              		.loc 1 52 3 view .LVU16
  87              		.loc 1 52 3 view .LVU17
  88 0038 DA6C     		ldr	r2, [r3, #76]
  89 003a 42F00102 		orr	r2, r2, #1
  90 003e DA64     		str	r2, [r3, #76]
  91              		.loc 1 52 3 view .LVU18
  92 0040 DA6C     		ldr	r2, [r3, #76]
  93 0042 02F00102 		and	r2, r2, #1
  94 0046 0392     		str	r2, [sp, #12]
  95              		.loc 1 52 3 view .LVU19
  96 0048 039A     		ldr	r2, [sp, #12]
  97              	.LBE4:
  98              		.loc 1 52 3 view .LVU20
  53:Core/Src/gpio.c ****   __HAL_RCC_GPIOB_CLK_ENABLE();
  99              		.loc 1 53 3 view .LVU21
 100              	.LBB5:
 101              		.loc 1 53 3 view .LVU22
 102              		.loc 1 53 3 view .LVU23
 103 004a DA6C     		ldr	r2, [r3, #76]
 104 004c 42F00202 		orr	r2, r2, #2
 105 0050 DA64     		str	r2, [r3, #76]
 106              		.loc 1 53 3 view .LVU24
 107 0052 DB6C     		ldr	r3, [r3, #76]
 108 0054 03F00203 		and	r3, r3, #2
 109 0058 0493     		str	r3, [sp, #16]
 110              		.loc 1 53 3 view .LVU25
 111 005a 049B     		ldr	r3, [sp, #16]
 112              	.LBE5:
 113              		.loc 1 53 3 view .LVU26
  54:Core/Src/gpio.c **** 
  55:Core/Src/gpio.c ****   /*Configure GPIO pin Output Level */
  56:Core/Src/gpio.c ****   HAL_GPIO_WritePin(GPIOA, SMPS_EN_Pin|SMPS_V1_Pin|SMPS_SW_Pin, GPIO_PIN_RESET);
 114              		.loc 1 56 3 view .LVU27
 115 005c 2246     		mov	r2, r4
 116 005e B021     		movs	r1, #176
ARM GAS  C:\msys64\tmp\ccHFQt8Y.s 			page 4


 117 0060 4FF09040 		mov	r0, #1207959552
 118 0064 FFF7FEFF 		bl	HAL_GPIO_WritePin
 119              	.LVL0:
  57:Core/Src/gpio.c **** 
  58:Core/Src/gpio.c ****   /*Configure GPIO pin Output Level */
  59:Core/Src/gpio.c ****   HAL_GPIO_WritePin(GPIOB, LD4_Pin|SD_Card_CS_Pin, GPIO_PIN_RESET);
 120              		.loc 1 59 3 view .LVU28
 121 0068 374E     		ldr	r6, .L3+4
 122 006a 2246     		mov	r2, r4
 123 006c 4FF40851 		mov	r1, #8704
 124 0070 3046     		mov	r0, r6
 125 0072 FFF7FEFF 		bl	HAL_GPIO_WritePin
 126              	.LVL1:
  60:Core/Src/gpio.c **** 
  61:Core/Src/gpio.c ****   /*Configure GPIO pin : B1_Pin */
  62:Core/Src/gpio.c ****   GPIO_InitStruct.Pin = B1_Pin;
 127              		.loc 1 62 3 view .LVU29
 128              		.loc 1 62 23 is_stmt 0 view .LVU30
 129 0076 4FF40053 		mov	r3, #8192
 130 007a 0593     		str	r3, [sp, #20]
  63:Core/Src/gpio.c ****   GPIO_InitStruct.Mode = GPIO_MODE_IT_FALLING;
 131              		.loc 1 63 3 is_stmt 1 view .LVU31
 132              		.loc 1 63 24 is_stmt 0 view .LVU32
 133 007c 4FF40413 		mov	r3, #2162688
 134 0080 0693     		str	r3, [sp, #24]
  64:Core/Src/gpio.c ****   GPIO_InitStruct.Pull = GPIO_NOPULL;
 135              		.loc 1 64 3 is_stmt 1 view .LVU33
 136              		.loc 1 64 24 is_stmt 0 view .LVU34
 137 0082 0794     		str	r4, [sp, #28]
  65:Core/Src/gpio.c ****   HAL_GPIO_Init(B1_GPIO_Port, &GPIO_InitStruct);
 138              		.loc 1 65 3 is_stmt 1 view .LVU35
 139 0084 DFF8C880 		ldr	r8, .L3+12
 140 0088 05A9     		add	r1, sp, #20
 141 008a 4046     		mov	r0, r8
 142 008c FFF7FEFF 		bl	HAL_GPIO_Init
 143              	.LVL2:
  66:Core/Src/gpio.c **** 
  67:Core/Src/gpio.c ****   /*Configure GPIO pins : PC1 PC2 PC3 PC6
  68:Core/Src/gpio.c ****                            PC7 PC8 PC9 PC10
  69:Core/Src/gpio.c ****                            PC11 PC12 */
  70:Core/Src/gpio.c ****   GPIO_InitStruct.Pin = GPIO_PIN_1|GPIO_PIN_2|GPIO_PIN_3|GPIO_PIN_6
 144              		.loc 1 70 3 view .LVU36
 145              		.loc 1 70 23 is_stmt 0 view .LVU37
 146 0090 41F6CE73 		movw	r3, #8142
 147 0094 0593     		str	r3, [sp, #20]
  71:Core/Src/gpio.c ****                           |GPIO_PIN_7|GPIO_PIN_8|GPIO_PIN_9|GPIO_PIN_10
  72:Core/Src/gpio.c ****                           |GPIO_PIN_11|GPIO_PIN_12;
  73:Core/Src/gpio.c ****   GPIO_InitStruct.Mode = GPIO_MODE_ANALOG;
 148              		.loc 1 73 3 is_stmt 1 view .LVU38
 149              		.loc 1 73 24 is_stmt 0 view .LVU39
 150 0096 0325     		movs	r5, #3
 151 0098 0695     		str	r5, [sp, #24]
  74:Core/Src/gpio.c ****   GPIO_InitStruct.Pull = GPIO_NOPULL;
 152              		.loc 1 74 3 is_stmt 1 view .LVU40
 153              		.loc 1 74 24 is_stmt 0 view .LVU41
 154 009a 0794     		str	r4, [sp, #28]
  75:Core/Src/gpio.c ****   HAL_GPIO_Init(GPIOC, &GPIO_InitStruct);
ARM GAS  C:\msys64\tmp\ccHFQt8Y.s 			page 5


 155              		.loc 1 75 3 is_stmt 1 view .LVU42
 156 009c 05A9     		add	r1, sp, #20
 157 009e 4046     		mov	r0, r8
 158 00a0 FFF7FEFF 		bl	HAL_GPIO_Init
 159              	.LVL3:
  76:Core/Src/gpio.c **** 
  77:Core/Src/gpio.c ****   /*Configure GPIO pins : PA0 PA8 PA15 */
  78:Core/Src/gpio.c ****   GPIO_InitStruct.Pin = GPIO_PIN_0|GPIO_PIN_8|GPIO_PIN_15;
 160              		.loc 1 78 3 view .LVU43
 161              		.loc 1 78 23 is_stmt 0 view .LVU44
 162 00a4 48F20113 		movw	r3, #33025
 163 00a8 0593     		str	r3, [sp, #20]
  79:Core/Src/gpio.c ****   GPIO_InitStruct.Mode = GPIO_MODE_ANALOG;
 164              		.loc 1 79 3 is_stmt 1 view .LVU45
 165              		.loc 1 79 24 is_stmt 0 view .LVU46
 166 00aa 0695     		str	r5, [sp, #24]
  80:Core/Src/gpio.c ****   GPIO_InitStruct.Pull = GPIO_NOPULL;
 167              		.loc 1 80 3 is_stmt 1 view .LVU47
 168              		.loc 1 80 24 is_stmt 0 view .LVU48
 169 00ac 0794     		str	r4, [sp, #28]
  81:Core/Src/gpio.c ****   HAL_GPIO_Init(GPIOA, &GPIO_InitStruct);
 170              		.loc 1 81 3 is_stmt 1 view .LVU49
 171 00ae 05A9     		add	r1, sp, #20
 172 00b0 4FF09040 		mov	r0, #1207959552
 173 00b4 FFF7FEFF 		bl	HAL_GPIO_Init
 174              	.LVL4:
  82:Core/Src/gpio.c **** 
  83:Core/Src/gpio.c ****   /*Configure GPIO pins : SMPS_EN_Pin SMPS_V1_Pin SMPS_SW_Pin */
  84:Core/Src/gpio.c ****   GPIO_InitStruct.Pin = SMPS_EN_Pin|SMPS_V1_Pin|SMPS_SW_Pin;
 175              		.loc 1 84 3 view .LVU50
 176              		.loc 1 84 23 is_stmt 0 view .LVU51
 177 00b8 B023     		movs	r3, #176
 178 00ba 0593     		str	r3, [sp, #20]
  85:Core/Src/gpio.c ****   GPIO_InitStruct.Mode = GPIO_MODE_OUTPUT_PP;
 179              		.loc 1 85 3 is_stmt 1 view .LVU52
 180              		.loc 1 85 24 is_stmt 0 view .LVU53
 181 00bc 0127     		movs	r7, #1
 182 00be 0697     		str	r7, [sp, #24]
  86:Core/Src/gpio.c ****   GPIO_InitStruct.Pull = GPIO_NOPULL;
 183              		.loc 1 86 3 is_stmt 1 view .LVU54
 184              		.loc 1 86 24 is_stmt 0 view .LVU55
 185 00c0 0794     		str	r4, [sp, #28]
  87:Core/Src/gpio.c ****   GPIO_InitStruct.Speed = GPIO_SPEED_FREQ_LOW;
 186              		.loc 1 87 3 is_stmt 1 view .LVU56
 187              		.loc 1 87 25 is_stmt 0 view .LVU57
 188 00c2 0894     		str	r4, [sp, #32]
  88:Core/Src/gpio.c ****   HAL_GPIO_Init(GPIOA, &GPIO_InitStruct);
 189              		.loc 1 88 3 is_stmt 1 view .LVU58
 190 00c4 05A9     		add	r1, sp, #20
 191 00c6 4FF09040 		mov	r0, #1207959552
 192 00ca FFF7FEFF 		bl	HAL_GPIO_Init
 193              	.LVL5:
  89:Core/Src/gpio.c **** 
  90:Core/Src/gpio.c ****   /*Configure GPIO pin : SMPS_PG_Pin */
  91:Core/Src/gpio.c ****   GPIO_InitStruct.Pin = SMPS_PG_Pin;
 194              		.loc 1 91 3 view .LVU59
 195              		.loc 1 91 23 is_stmt 0 view .LVU60
ARM GAS  C:\msys64\tmp\ccHFQt8Y.s 			page 6


 196 00ce 4023     		movs	r3, #64
 197 00d0 0593     		str	r3, [sp, #20]
  92:Core/Src/gpio.c ****   GPIO_InitStruct.Mode = GPIO_MODE_INPUT;
 198              		.loc 1 92 3 is_stmt 1 view .LVU61
 199              		.loc 1 92 24 is_stmt 0 view .LVU62
 200 00d2 0694     		str	r4, [sp, #24]
  93:Core/Src/gpio.c ****   GPIO_InitStruct.Pull = GPIO_PULLUP;
 201              		.loc 1 93 3 is_stmt 1 view .LVU63
 202              		.loc 1 93 24 is_stmt 0 view .LVU64
 203 00d4 0797     		str	r7, [sp, #28]
  94:Core/Src/gpio.c ****   HAL_GPIO_Init(SMPS_PG_GPIO_Port, &GPIO_InitStruct);
 204              		.loc 1 94 3 is_stmt 1 view .LVU65
 205 00d6 05A9     		add	r1, sp, #20
 206 00d8 4FF09040 		mov	r0, #1207959552
 207 00dc FFF7FEFF 		bl	HAL_GPIO_Init
 208              	.LVL6:
  95:Core/Src/gpio.c **** 
  96:Core/Src/gpio.c ****   /*Configure GPIO pin : DS3231_INT_PIN_Pin */
  97:Core/Src/gpio.c ****   GPIO_InitStruct.Pin = DS3231_INT_PIN_Pin;
 209              		.loc 1 97 3 view .LVU66
 210              		.loc 1 97 23 is_stmt 0 view .LVU67
 211 00e0 1023     		movs	r3, #16
 212 00e2 0593     		str	r3, [sp, #20]
  98:Core/Src/gpio.c ****   GPIO_InitStruct.Mode = GPIO_MODE_IT_RISING;
 213              		.loc 1 98 3 is_stmt 1 view .LVU68
 214              		.loc 1 98 24 is_stmt 0 view .LVU69
 215 00e4 4FF48813 		mov	r3, #1114112
 216 00e8 0693     		str	r3, [sp, #24]
  99:Core/Src/gpio.c ****   GPIO_InitStruct.Pull = GPIO_PULLDOWN;
 217              		.loc 1 99 3 is_stmt 1 view .LVU70
 218              		.loc 1 99 24 is_stmt 0 view .LVU71
 219 00ea 0223     		movs	r3, #2
 220 00ec 0793     		str	r3, [sp, #28]
 100:Core/Src/gpio.c ****   HAL_GPIO_Init(DS3231_INT_PIN_GPIO_Port, &GPIO_InitStruct);
 221              		.loc 1 100 3 is_stmt 1 view .LVU72
 222 00ee 05A9     		add	r1, sp, #20
 223 00f0 4046     		mov	r0, r8
 224 00f2 FFF7FEFF 		bl	HAL_GPIO_Init
 225              	.LVL7:
 101:Core/Src/gpio.c **** 
 102:Core/Src/gpio.c ****   /*Configure GPIO pins : PB0 PB1 PB2 PB12
 103:Core/Src/gpio.c ****                            PB14 PB15 PB4 PB5
 104:Core/Src/gpio.c ****                            PB8 */
 105:Core/Src/gpio.c ****   GPIO_InitStruct.Pin = GPIO_PIN_0|GPIO_PIN_1|GPIO_PIN_2|GPIO_PIN_12
 226              		.loc 1 105 3 view .LVU73
 227              		.loc 1 105 23 is_stmt 0 view .LVU74
 228 00f6 4DF23713 		movw	r3, #53559
 229 00fa 0593     		str	r3, [sp, #20]
 106:Core/Src/gpio.c ****                           |GPIO_PIN_14|GPIO_PIN_15|GPIO_PIN_4|GPIO_PIN_5
 107:Core/Src/gpio.c ****                           |GPIO_PIN_8;
 108:Core/Src/gpio.c ****   GPIO_InitStruct.Mode = GPIO_MODE_ANALOG;
 230              		.loc 1 108 3 is_stmt 1 view .LVU75
 231              		.loc 1 108 24 is_stmt 0 view .LVU76
 232 00fc 0695     		str	r5, [sp, #24]
 109:Core/Src/gpio.c ****   GPIO_InitStruct.Pull = GPIO_NOPULL;
 233              		.loc 1 109 3 is_stmt 1 view .LVU77
 234              		.loc 1 109 24 is_stmt 0 view .LVU78
ARM GAS  C:\msys64\tmp\ccHFQt8Y.s 			page 7


 235 00fe 0794     		str	r4, [sp, #28]
 110:Core/Src/gpio.c ****   HAL_GPIO_Init(GPIOB, &GPIO_InitStruct);
 236              		.loc 1 110 3 is_stmt 1 view .LVU79
 237 0100 05A9     		add	r1, sp, #20
 238 0102 3046     		mov	r0, r6
 239 0104 FFF7FEFF 		bl	HAL_GPIO_Init
 240              	.LVL8:
 111:Core/Src/gpio.c **** 
 112:Core/Src/gpio.c ****   /*Configure GPIO pins : LD4_Pin SD_Card_CS_Pin */
 113:Core/Src/gpio.c ****   GPIO_InitStruct.Pin = LD4_Pin|SD_Card_CS_Pin;
 241              		.loc 1 113 3 view .LVU80
 242              		.loc 1 113 23 is_stmt 0 view .LVU81
 243 0108 4FF40853 		mov	r3, #8704
 244 010c 0593     		str	r3, [sp, #20]
 114:Core/Src/gpio.c ****   GPIO_InitStruct.Mode = GPIO_MODE_OUTPUT_PP;
 245              		.loc 1 114 3 is_stmt 1 view .LVU82
 246              		.loc 1 114 24 is_stmt 0 view .LVU83
 247 010e 0697     		str	r7, [sp, #24]
 115:Core/Src/gpio.c ****   GPIO_InitStruct.Pull = GPIO_NOPULL;
 248              		.loc 1 115 3 is_stmt 1 view .LVU84
 249              		.loc 1 115 24 is_stmt 0 view .LVU85
 250 0110 0794     		str	r4, [sp, #28]
 116:Core/Src/gpio.c ****   GPIO_InitStruct.Speed = GPIO_SPEED_FREQ_LOW;
 251              		.loc 1 116 3 is_stmt 1 view .LVU86
 252              		.loc 1 116 25 is_stmt 0 view .LVU87
 253 0112 0894     		str	r4, [sp, #32]
 117:Core/Src/gpio.c ****   HAL_GPIO_Init(GPIOB, &GPIO_InitStruct);
 254              		.loc 1 117 3 is_stmt 1 view .LVU88
 255 0114 05A9     		add	r1, sp, #20
 256 0116 3046     		mov	r0, r6
 257 0118 FFF7FEFF 		bl	HAL_GPIO_Init
 258              	.LVL9:
 118:Core/Src/gpio.c **** 
 119:Core/Src/gpio.c ****   /*Configure GPIO pin : PH3 */
 120:Core/Src/gpio.c ****   GPIO_InitStruct.Pin = GPIO_PIN_3;
 259              		.loc 1 120 3 view .LVU89
 260              		.loc 1 120 23 is_stmt 0 view .LVU90
 261 011c 0823     		movs	r3, #8
 262 011e 0593     		str	r3, [sp, #20]
 121:Core/Src/gpio.c ****   GPIO_InitStruct.Mode = GPIO_MODE_ANALOG;
 263              		.loc 1 121 3 is_stmt 1 view .LVU91
 264              		.loc 1 121 24 is_stmt 0 view .LVU92
 265 0120 0695     		str	r5, [sp, #24]
 122:Core/Src/gpio.c ****   GPIO_InitStruct.Pull = GPIO_NOPULL;
 266              		.loc 1 122 3 is_stmt 1 view .LVU93
 267              		.loc 1 122 24 is_stmt 0 view .LVU94
 268 0122 0794     		str	r4, [sp, #28]
 123:Core/Src/gpio.c ****   HAL_GPIO_Init(GPIOH, &GPIO_InitStruct);
 269              		.loc 1 123 3 is_stmt 1 view .LVU95
 270 0124 05A9     		add	r1, sp, #20
 271 0126 0948     		ldr	r0, .L3+8
 272 0128 FFF7FEFF 		bl	HAL_GPIO_Init
 273              	.LVL10:
 124:Core/Src/gpio.c **** 
 125:Core/Src/gpio.c ****   /* EXTI interrupt init*/
 126:Core/Src/gpio.c ****   HAL_NVIC_SetPriority(EXTI4_IRQn, 0, 0);
 274              		.loc 1 126 3 view .LVU96
ARM GAS  C:\msys64\tmp\ccHFQt8Y.s 			page 8


 275 012c 2246     		mov	r2, r4
 276 012e 2146     		mov	r1, r4
 277 0130 0A20     		movs	r0, #10
 278 0132 FFF7FEFF 		bl	HAL_NVIC_SetPriority
 279              	.LVL11:
 127:Core/Src/gpio.c ****   HAL_NVIC_EnableIRQ(EXTI4_IRQn);
 280              		.loc 1 127 3 view .LVU97
 281 0136 0A20     		movs	r0, #10
 282 0138 FFF7FEFF 		bl	HAL_NVIC_EnableIRQ
 283              	.LVL12:
 128:Core/Src/gpio.c **** 
 129:Core/Src/gpio.c **** }
 284              		.loc 1 129 1 is_stmt 0 view .LVU98
 285 013c 0AB0     		add	sp, sp, #40
 286              	.LCFI2:
 287              		.cfi_def_cfa_offset 24
 288              		@ sp needed
 289 013e BDE8F081 		pop	{r4, r5, r6, r7, r8, pc}
 290              	.L4:
 291 0142 00BF     		.align	2
 292              	.L3:
 293 0144 00100240 		.word	1073876992
 294 0148 00040048 		.word	1207960576
 295 014c 001C0048 		.word	1207966720
 296 0150 00080048 		.word	1207961600
 297              		.cfi_endproc
 298              	.LFE384:
 300              		.text
 301              	.Letext0:
 302              		.file 2 "Drivers/CMSIS/Device/ST/STM32L4xx/Include/stm32l433xx.h"
 303              		.file 3 "C:/msys64/mingw64/arm-none-eabi/include/machine/_default_types.h"
 304              		.file 4 "C:/msys64/mingw64/arm-none-eabi/include/sys/_stdint.h"
 305              		.file 5 "Drivers/STM32L4xx_HAL_Driver/Inc/stm32l4xx_hal_gpio.h"
 306              		.file 6 "Drivers/STM32L4xx_HAL_Driver/Inc/stm32l4xx_hal_cortex.h"
 307              		.file 7 "Drivers/STM32L4xx_HAL_Driver/Inc/stm32l4xx_ll_dma.h"
ARM GAS  C:\msys64\tmp\ccHFQt8Y.s 			page 9


DEFINED SYMBOLS
                            *ABS*:00000000 gpio.c
C:\msys64\tmp\ccHFQt8Y.s:21     .text.MX_GPIO_Init:00000000 $t
C:\msys64\tmp\ccHFQt8Y.s:27     .text.MX_GPIO_Init:00000000 MX_GPIO_Init
C:\msys64\tmp\ccHFQt8Y.s:293    .text.MX_GPIO_Init:00000144 $d

UNDEFINED SYMBOLS
HAL_GPIO_WritePin
HAL_GPIO_Init
HAL_NVIC_SetPriority
HAL_NVIC_EnableIRQ
